# JRE version: Java(TM) SE Runtime Environment (21.0.1+12) (build 21.0.1+12-LTS-29)
# Java VM: Java HotSpot(TM) 64-Bit Server VM (21.0.1+12-LTS-29, mixed mode, emulated-client, sharing, tiered, compressed oops, compressed class ptrs, g1 gc, windows-amd64)
GC Precious Log:
 CardTable entry size: 512
 Card Set container configuration: InlinePtr #cards 4 size 8 Array Of Cards #cards 32 size 80 Howl #buckets 8 coarsen threshold 7372 Howl Bitmap #cards 1024 size 144 coarsen threshold 921 Card regions per heap region 1 cards per card region 8192
 CPUs: 12 total, 12 available
 Memory: 32677M
 Large Page Support: Disabled
 NUMA Support: Disabled
 Compressed Oops: Enabled (Zero based)
 Heap Region Size: 4M
 Heap Min Capacity: 8M
 Heap Initial Capacity: 512M
 Heap Max Capacity: 8172M
 Pre-touch: Disabled
 Parallel Workers: 10
 Concurrent Workers: 3
 Concurrent Refinement Workers: 10
 Periodic GC: Disabled
Heap:
 garbage-first heap   total 204800K, used 70507K [0x0000000601400000, 0x0000000800000000)
  region size 4096K, 7 young (28672K), 3 survivors (12288K)
 Metaspace       used 82860K, committed 83904K, reserved 1179648K
  class space    used 11542K, committed 11968K, reserved 1048576K
GC Heap History (20 events):
Event: 2.382 GC heap before
{Heap before GC invocations=12 (full 0):
 garbage-first heap   total 110592K, used 86533K [0x0000000601400000, 0x0000000800000000)
  region size 4096K, 16 young (65536K), 2 survivors (8192K)
 Metaspace       used 33696K, committed 34240K, reserved 1114112K
  class space    used 4562K, committed 4800K, reserved 1048576K
}
Event: 2.388 GC heap after
{Heap after GC invocations=13 (full 0):
 garbage-first heap   total 110592K, used 35621K [0x0000000601400000, 0x0000000800000000)
  region size 4096K, 2 young (8192K), 2 survivors (8192K)
 Metaspace       used 33696K, committed 34240K, reserved 1114112K
  class space    used 4562K, committed 4800K, reserved 1048576K
}
Event: 2.463 GC heap before
{Heap before GC invocations=13 (full 0):
 garbage-first heap   total 110592K, used 88869K [0x0000000601400000, 0x0000000800000000)
  region size 4096K, 15 young (61440K), 2 survivors (8192K)
 Metaspace       used 33696K, committed 34240K, reserved 1114112K
  class space    used 4562K, committed 4800K, reserved 1048576K
}
Event: 2.468 GC heap after
{Heap after GC invocations=14 (full 0):
 garbage-first heap   total 319488K, used 40753K [0x0000000601400000, 0x0000000800000000)
  region size 4096K, 2 young (8192K), 2 survivors (8192K)
 Metaspace       used 33696K, committed 34240K, reserved 1114112K
  class space    used 4562K, committed 4800K, reserved 1048576K
}
Event: 2.992 GC heap before
{Heap before GC invocations=14 (full 0):
 garbage-first heap   total 319488K, used 220977K [0x0000000601400000, 0x0000000800000000)
  region size 4096K, 46 young (188416K), 2 survivors (8192K)
 Metaspace       used 33812K, committed 34304K, reserved 1114112K
  class space    used 4578K, committed 4800K, reserved 1048576K
}
Event: 2.996 GC heap after
{Heap after GC invocations=15 (full 0):
 garbage-first heap   total 319488K, used 47652K [0x0000000601400000, 0x0000000800000000)
  region size 4096K, 3 young (12288K), 3 survivors (12288K)
 Metaspace       used 33812K, committed 34304K, reserved 1114112K
  class space    used 4578K, committed 4800K, reserved 1048576K
}
Event: 3.851 GC heap before
{Heap before GC invocations=15 (full 0):
 garbage-first heap   total 319488K, used 223780K [0x0000000601400000, 0x0000000800000000)
  region size 4096K, 46 young (188416K), 3 survivors (12288K)
 Metaspace       used 40594K, committed 41152K, reserved 1114112K
  class space    used 5424K, committed 5696K, reserved 1048576K
}
Event: 3.856 GC heap after
{Heap after GC invocations=16 (full 0):
 garbage-first heap   total 319488K, used 49704K [0x0000000601400000, 0x0000000800000000)
  region size 4096K, 4 young (16384K), 4 survivors (16384K)
 Metaspace       used 40594K, committed 41152K, reserved 1114112K
  class space    used 5424K, committed 5696K, reserved 1048576K
}
Event: 4.164 GC heap before
{Heap before GC invocations=16 (full 0):
 garbage-first heap   total 319488K, used 221736K [0x0000000601400000, 0x0000000800000000)
  region size 4096K, 46 young (188416K), 4 survivors (16384K)
 Metaspace       used 44840K, committed 45440K, reserved 1114112K
  class space    used 6058K, committed 6336K, reserved 1048576K
}
Event: 4.168 GC heap after
{Heap after GC invocations=17 (full 0):
 garbage-first heap   total 319488K, used 51324K [0x0000000601400000, 0x0000000800000000)
  region size 4096K, 3 young (12288K), 3 survivors (12288K)
 Metaspace       used 44840K, committed 45440K, reserved 1114112K
  class space    used 6058K, committed 6336K, reserved 1048576K
}
Event: 5.016 GC heap before
{Heap before GC invocations=17 (full 0):
 garbage-first heap   total 319488K, used 174204K [0x0000000601400000, 0x0000000800000000)
  region size 4096K, 34 young (139264K), 3 survivors (12288K)
 Metaspace       used 55968K, committed 56576K, reserved 1114112K
  class space    used 7575K, committed 7872K, reserved 1048576K
}
Event: 5.020 GC heap after
{Heap after GC invocations=18 (full 0):
 garbage-first heap   total 319488K, used 53419K [0x0000000601400000, 0x0000000800000000)
  region size 4096K, 4 young (16384K), 4 survivors (16384K)
 Metaspace       used 55968K, committed 56576K, reserved 1114112K
  class space    used 7575K, committed 7872K, reserved 1048576K
}
Event: 5.556 GC heap before
{Heap before GC invocations=19 (full 0):
 garbage-first heap   total 204800K, used 159915K [0x0000000601400000, 0x0000000800000000)
  region size 4096K, 30 young (122880K), 4 survivors (16384K)
 Metaspace       used 65829K, committed 66496K, reserved 1114112K
  class space    used 9172K, committed 9472K, reserved 1048576K
}
Event: 5.560 GC heap after
{Heap after GC invocations=20 (full 0):
 garbage-first heap   total 204800K, used 53535K [0x0000000601400000, 0x0000000800000000)
  region size 4096K, 3 young (12288K), 3 survivors (12288K)
 Metaspace       used 65829K, committed 66496K, reserved 1114112K
  class space    used 9172K, committed 9472K, reserved 1048576K
}
Event: 6.507 GC heap before
{Heap before GC invocations=20 (full 0):
 garbage-first heap   total 204800K, used 164127K [0x0000000601400000, 0x0000000800000000)
  region size 4096K, 30 young (122880K), 3 survivors (12288K)
 Metaspace       used 74410K, committed 75136K, reserved 1114112K
  class space    used 10333K, committed 10624K, reserved 1048576K
}
Event: 6.514 GC heap after
{Heap after GC invocations=21 (full 0):
 garbage-first heap   total 204800K, used 58380K [0x0000000601400000, 0x0000000800000000)
  region size 4096K, 4 young (16384K), 4 survivors (16384K)
 Metaspace       used 74410K, committed 75136K, reserved 1114112K
  class space    used 10333K, committed 10624K, reserved 1048576K
}
Event: 38.199 GC heap before
{Heap before GC invocations=21 (full 0):
 garbage-first heap   total 204800K, used 160780K [0x0000000601400000, 0x0000000800000000)
  region size 4096K, 30 young (122880K), 4 survivors (16384K)
 Metaspace       used 83121K, committed 83904K, reserved 1179648K
  class space    used 11602K, committed 11968K, reserved 1048576K
}
Event: 38.206 GC heap after
{Heap after GC invocations=22 (full 0):
 garbage-first heap   total 204800K, used 61701K [0x0000000601400000, 0x0000000800000000)
  region size 4096K, 3 young (12288K), 3 survivors (12288K)
 Metaspace       used 83121K, committed 83904K, reserved 1179648K
  class space    used 11602K, committed 11968K, reserved 1048576K
}
Event: 1775.998 GC heap before
{Heap before GC invocations=22 (full 0):
 garbage-first heap   total 204800K, used 123141K [0x0000000601400000, 0x0000000800000000)
  region size 4096K, 19 young (77824K), 3 survivors (12288K)
 Metaspace       used 83129K, committed 83904K, reserved 1179648K
  class space    used 11608K, committed 11968K, reserved 1048576K
}
Event: 1776.004 GC heap after
{Heap after GC invocations=23 (full 0):
 garbage-first heap   total 204800K, used 62315K [0x0000000601400000, 0x0000000800000000)
  region size 4096K, 3 young (12288K), 3 survivors (12288K)
 Metaspace       used 83129K, committed 83904K, reserved 1179648K
  class space    used 11608K, committed 11968K, reserved 1048576K
}

